<?xml version="1.0" encoding="UTF-8"?>
<!-- Generated by org.testng.reporters.JUnitXMLReporter -->
<testsuite ignored="0" hostname="ASUS" failures="0" tests="2" name="OHRMTest" time="3604.261" errors="0" timestamp="2025-02-11T12:47:48 IST">
  <testcase classname="com.TestNG.OHRMBaseTest" name="@BeforeMethod applicationLaunch" time="3604.161">
    <failure type="org.openqa.selenium.remote.NoSuchDriverException" message="Unable to obtain: Capabilities {browserName: chrome, goog:chromeOptions: {args: [], extensions: []}}, error Failed to run command: [--browser, chrome, --language-binding, java, --output, json]
Build info: version: &amp;apos;4.18.1&amp;apos;, revision: &amp;apos;b1d3319b48&amp;apos;
System info: os.name: &amp;apos;Windows 11&amp;apos;, os.arch: &amp;apos;amd64&amp;apos;, os.version: &amp;apos;10.0&amp;apos;, java.version: &amp;apos;17.0.10&amp;apos;
Driver info: driver.version: ChromeDriver">
      <![CDATA[org.openqa.selenium.remote.NoSuchDriverException: Unable to obtain: Capabilities {browserName: chrome, goog:chromeOptions: {args: [], extensions: []}}, error Failed to run command: [--browser, chrome, --language-binding, java, --output, json]
Build info: version: '4.18.1', revision: 'b1d3319b48'
System info: os.name: 'Windows 11', os.arch: 'amd64', os.version: '10.0', java.version: '17.0.10'
Driver info: driver.version: ChromeDriver
at org.openqa.selenium.remote.service.DriverFinder.getPath(DriverFinder.java:48)
at org.openqa.selenium.remote.service.DriverFinder.getPath(DriverFinder.java:33)
at org.openqa.selenium.chrome.ChromeDriver.generateExecutor(ChromeDriver.java:99)
at org.openqa.selenium.chrome.ChromeDriver.<init>(ChromeDriver.java:89)
at org.openqa.selenium.chrome.ChromeDriver.<init>(ChromeDriver.java:84)
at org.openqa.selenium.chrome.ChromeDriver.<init>(ChromeDriver.java:52)
at com.TestNG.OHRMBaseTest.applicationLaunch(OHRMBaseTest.java:25)
at java.base/java.util.ArrayList.forEach(ArrayList.java:1511)
at java.base/java.util.concurrent.FutureTask.run(FutureTask.java:264)
at java.base/java.util.concurrent.ThreadPoolExecutor.runWorker(ThreadPoolExecutor.java:1136)
at java.base/java.util.concurrent.ThreadPoolExecutor$Worker.run(ThreadPoolExecutor.java:635)
at java.base/java.lang.Thread.run(Thread.java:840)
Caused by: org.openqa.selenium.WebDriverException: Failed to run command: [--browser, chrome, --language-binding, java, --output, json]
Build info: version: '4.18.1', revision: 'b1d3319b48'
System info: os.name: 'Windows 11', os.arch: 'amd64', os.version: '10.0', java.version: '17.0.10'
Driver info: driver.version: ChromeDriver
at org.openqa.selenium.manager.SeleniumManager.runCommand(SeleniumManager.java:137)
at org.openqa.selenium.manager.SeleniumManager.getDriverPath(SeleniumManager.java:303)
at org.openqa.selenium.remote.service.DriverFinder.getPath(DriverFinder.java:45)
... 33 more
Caused by: java.lang.IllegalThreadStateException: process has not exited
at java.base/java.lang.ProcessImpl.exitValue(ProcessImpl.java:560)
at org.openqa.selenium.os.ExternalProcess.exitValue(ExternalProcess.java:289)
at org.openqa.selenium.manager.SeleniumManager.runCommand(SeleniumManager.java:134)
... 35 more
... Removed 22 stack frames]]>
    </failure>
  </testcase> <!-- @BeforeMethod applicationLaunch -->
  <testcase classname="com.TestNG.OHRMBaseTest" name="@AfterMethod applicationClose" time="-1.739258268183E9">
    <skipped/>
  </testcase> <!-- @AfterMethod applicationClose -->
  <testcase classname="com.TestNG.OHRMBaseTest" name="@BeforeMethod applicationLaunch" time="-1.739258268187E9">
    <skipped/>
  </testcase> <!-- @BeforeMethod applicationLaunch -->
  <testcase classname="com.TestNG.OHRMBaseTest" name="@AfterMethod applicationClose" time="-1.739258268199E9">
    <skipped/>
  </testcase> <!-- @AfterMethod applicationClose -->
  <testcase classname="com.TestNG.OHRMMain" name="OHRMLoginTest" time="0.0">
    <skipped/>
  </testcase> <!-- OHRMLoginTest -->
  <testcase classname="com.TestNG.OHRMMain" name="logOut" time="0.0">
    <skipped/>
  </testcase> <!-- logOut -->
</testsuite> <!-- OHRMTest -->
